<?xml version="1.0" encoding="UTF-8"?>
<testsuite xmlns:xsi="http://www.w3.org/2001/XMLSchema-instance" xsi:noNamespaceSchemaLocation="https://maven.apache.org/surefire/maven-surefire-plugin/xsd/surefire-test-report-3.0.xsd" version="3.0" name="com.stu_management.StuManagementApplicationTests" time="4.475" tests="1" errors="0" skipped="0" failures="0">
  <properties>
[...]
</properties>
  <testcase name="contextLoads" classname="com.stu_management.StuManagementApplicationTests" time="1.041">
    <system-out><![CDATA[14:24:53.101 [main] INFO org.springframework.test.context.support.AnnotationConfigContextLoaderUtils -- Could not detect default configuration classes for test class [com.stu_management.StuManagementApplicationTests]: StuManagementApplicationTests does not declare any static, non-private, non-final, nested classes annotated with @Configuration.
14:24:53.251 [main] INFO org.springframework.boot.test.context.SpringBootTestContextBootstrapper -- Found @SpringBootConfiguration com.stu_management.StuManagementApplication for test class com.stu_management.StuManagementApplicationTests

  .   ____          _            __ _ _
 /\\ / ___'_ __ _ _(_)_ __  __ _ \ \ \ \
( ( )\___ | '_ | '_| | '_ \/ _` | \ \ \ \
 \\/  ___)| |_)| | | | | || (_| |  ) ) ) )
  '  |____| .__|_| |_|_| |_\__, | / / / /
 =========|_|==============|___/=/_/_/_/
 :: Spring Boot ::                (v3.2.7)

2024-06-28T14:24:53.855+08:00  INFO 19012 --- [stu_management] [           main] c.s.StuManagementApplicationTests        : Starting StuManagementApplicationTests using Java 17.0.11 with PID 19012 (started by mac in /Users/mac/Desktop/Java/java-projects/stu_management)
2024-06-28T14:24:53.858+08:00  INFO 19012 --- [stu_management] [           main] c.s.StuManagementApplicationTests        : No active profile set, falling back to 1 default profile: "default"
 _ _   |_  _ _|_. ___ _ |    _ 
| | |\/|_)(_| | |_\  |_)||_|_\ 
     /               |         
                        3.5.5 
2024-06-28T14:24:55.430+08:00  WARN 19012 --- [stu_management] [           main] c.b.m.core.metadata.TableInfoHelper      : This primary key of "id" is primitive !不建议如此请使用包装类 in Class: "com.stu_management.entity.User"
2024-06-28T14:24:56.247+08:00  INFO 19012 --- [stu_management] [           main] c.s.StuManagementApplicationTests        : Started StuManagementApplicationTests in 2.772 seconds (process running for 4.25)
]]></system-out>
  </testcase>
</testsuite>